<?xml version="1.0" encoding="UTF-8"?>
<!-- Generated by org.testng.reporters.JUnitReportReporter -->
<testsuite hostname="LIN19001909" failures="0" tests="3" name="com.automation.tests.DataProviderTest" time="0.045" errors="0" timestamp="28 Aug 2021 13:06:10 GMT" skipped="0">
  <testcase classname="com.automation.tests.DataProviderTest" name="test" time="0.037"/>
  <testcase classname="com.automation.tests.DataProviderTest" name="test" time="0.004"/>
  <testcase classname="com.automation.tests.DataProviderTest" name="test" time="0.004"/>
</testsuite> <!-- com.automation.tests.DataProviderTest -->
