<?xml version="1.0" encoding="UTF-8"?>
<!-- Generated by org.testng.reporters.JUnitReportReporter -->
<testsuite hostname="LIN19001909" failures="0" tests="2" name="com.automation.tests.BaseTest" time="35.602" errors="0" timestamp="18 Aug 2021 09:21:33 GMT" skipped="0">
  <testcase classname="com.automation.tests.BaseTest" name="test2" time="12.955"/>
  <testcase classname="com.automation.tests.BaseTest" name="test1" time="22.647"/>
</testsuite> <!-- com.automation.tests.BaseTest -->
