<?xml version="1.0" encoding="UTF-8"?>
<!-- Generated by org.testng.reporters.JUnitReportReporter -->
<testsuite hostname="LIN19001909" failures="0" tests="1" name="com.automation.tests.OrangeHRMTests" time="22.588" errors="0" timestamp="29 Aug 2021 05:54:19 GMT" skipped="0">
  <testcase classname="com.automation.tests.OrangeHRMTests" name="loginLogoutTest" time="22.588"/>
</testsuite> <!-- com.automation.tests.OrangeHRMTests -->
