<?xml version="1.0" encoding="UTF-8"?>
<!-- Generated by org.testng.reporters.JUnitReportReporter -->
<testsuite hostname="LIN19001909" failures="0" tests="1" name="com.automation.tests.LoginpageTests" time="21.913" errors="0" timestamp="24 Aug 2021 06:43:38 GMT" skipped="0">
  <testcase classname="com.automation.tests.LoginpageTests" name="test1" time="21.913"/>
</testsuite> <!-- com.automation.tests.LoginpageTests -->
